C:\USERS\EMRE TANIRGAN\DESKTOP\UPENN\CIS 563\DYNAMICFRACTURING\TINYXML\DEBUG_STL\TINYXMLSTL.BSC
C:\USERS\EMRE TANIRGAN\DESKTOP\UPENN\CIS 563\DYNAMICFRACTURING\TINYXML\DEBUG_STL\TINYXMLPARSER.SBR
C:\USERS\EMRE TANIRGAN\DESKTOP\UPENN\CIS 563\DYNAMICFRACTURING\TINYXML\DEBUG_STL\TINYXMLERROR.SBR
C:\USERS\EMRE TANIRGAN\DESKTOP\UPENN\CIS 563\DYNAMICFRACTURING\TINYXML\DEBUG_STL\TINYXML.SBR
C:\USERS\EMRE TANIRGAN\DESKTOP\UPENN\CIS 563\DYNAMICFRACTURING\TINYXML\DEBUG_STL\TINYSTR.SBR
C:\USERS\EMRE TANIRGAN\DESKTOP\UPENN\CIS 563\DYNAMICFRACTURING\TINYXML\DEBUG_STL\TINYSTR.OBJ
C:\USERS\EMRE TANIRGAN\DESKTOP\UPENN\CIS 563\DYNAMICFRACTURING\TINYXML\DEBUG_STL\TINYXML.OBJ
C:\USERS\EMRE TANIRGAN\DESKTOP\UPENN\CIS 563\DYNAMICFRACTURING\TINYXML\DEBUG_STL\TINYXMLERROR.OBJ
C:\USERS\EMRE TANIRGAN\DESKTOP\UPENN\CIS 563\DYNAMICFRACTURING\TINYXML\DEBUG_STL\TINYXMLPARSER.OBJ
C:\USERS\EMRE TANIRGAN\DESKTOP\UPENN\CIS 563\DYNAMICFRACTURING\TINYXML\DEBUG_STL\VC110.PDB
C:\USERS\EMRE TANIRGAN\DESKTOP\UPENN\CIS 563\DYNAMICFRACTURING\TINYXML\TINYXMLD_STL.LIB
C:\Users\Emre Tanirgan\Desktop\UPenn\CIS 563\DynamicFracturing\tinyxml\Debug_STL\tinystr.obj
C:\Users\Emre Tanirgan\Desktop\UPenn\CIS 563\DynamicFracturing\tinyxml\Debug_STL\tinyxml.obj
C:\Users\Emre Tanirgan\Desktop\UPenn\CIS 563\DynamicFracturing\tinyxml\Debug_STL\tinyxmlerror.obj
C:\Users\Emre Tanirgan\Desktop\UPenn\CIS 563\DynamicFracturing\tinyxml\Debug_STL\tinyxmlparser.obj
C:\Users\Emre Tanirgan\Desktop\UPenn\CIS 563\DynamicFracturing\tinyxml\Debug_STL\BscMake.command.1.tlog
C:\Users\Emre Tanirgan\Desktop\UPenn\CIS 563\DynamicFracturing\tinyxml\Debug_STL\bscmake.read.1.tlog
C:\Users\Emre Tanirgan\Desktop\UPenn\CIS 563\DynamicFracturing\tinyxml\Debug_STL\bscmake.write.1.tlog
C:\Users\Emre Tanirgan\Desktop\UPenn\CIS 563\DynamicFracturing\tinyxml\Debug_STL\cl.command.1.tlog
C:\Users\Emre Tanirgan\Desktop\UPenn\CIS 563\DynamicFracturing\tinyxml\Debug_STL\CL.read.1.tlog
C:\Users\Emre Tanirgan\Desktop\UPenn\CIS 563\DynamicFracturing\tinyxml\Debug_STL\CL.write.1.tlog
C:\Users\Emre Tanirgan\Desktop\UPenn\CIS 563\DynamicFracturing\tinyxml\Debug_STL\Lib-link.read.1.tlog
C:\Users\Emre Tanirgan\Desktop\UPenn\CIS 563\DynamicFracturing\tinyxml\Debug_STL\Lib-link.write.1.tlog
C:\Users\Emre Tanirgan\Desktop\UPenn\CIS 563\DynamicFracturing\tinyxml\Debug_STL\lib.command.1.tlog
C:\Users\Emre Tanirgan\Desktop\UPenn\CIS 563\DynamicFracturing\tinyxml\Debug_STL\vc110.idb
C:\Users\Emre Tanirgan\Desktop\UPenn\CIS 563\DynamicFracturing\tinyxml\Debug_STL\vc110.pdb
C:\Users\Emre Tanirgan\Desktop\UPenn\CIS 563\DynamicFracturing\tinyxml\Debug_STL\tinyxmlSTL.bsc
C:\Users\Emre Tanirgan\Desktop\UPenn\CIS 563\DynamicFracturing\tinyxml\Debug_STL\tinystr.sbr
C:\Users\Emre Tanirgan\Desktop\UPenn\CIS 563\DynamicFracturing\tinyxml\Debug_STL\tinyxml.sbr
C:\Users\Emre Tanirgan\Desktop\UPenn\CIS 563\DynamicFracturing\tinyxml\Debug_STL\tinyxmlerror.sbr
C:\Users\Emre Tanirgan\Desktop\UPenn\CIS 563\DynamicFracturing\tinyxml\Debug_STL\tinyxmlparser.sbr
C:\Users\Emre Tanirgan\Desktop\UPenn\CIS 563\DynamicFracturing\tinyxml\Debug_STL\.\tinyxmlSTL.bsc
