C:\USERS\JAMES\DOWNLOADS\HW1\HW1\JELLOSIM_BASECODE\JELLOSIM_BASECODE\TINYXML\RELEASE_STL\TINYXMLSTL.BSC
C:\USERS\JAMES\DOWNLOADS\HW1\HW1\JELLOSIM_BASECODE\JELLOSIM_BASECODE\TINYXML\RELEASE_STL\TINYSTR.SBR
C:\USERS\JAMES\DOWNLOADS\HW1\HW1\JELLOSIM_BASECODE\JELLOSIM_BASECODE\TINYXML\RELEASE_STL\TINYXML.SBR
C:\USERS\JAMES\DOWNLOADS\HW1\HW1\JELLOSIM_BASECODE\JELLOSIM_BASECODE\TINYXML\RELEASE_STL\TINYXMLERROR.SBR
C:\USERS\JAMES\DOWNLOADS\HW1\HW1\JELLOSIM_BASECODE\JELLOSIM_BASECODE\TINYXML\RELEASE_STL\TINYXMLPARSER.SBR
C:\USERS\JAMES\DOWNLOADS\HW1\HW1\JELLOSIM_BASECODE\JELLOSIM_BASECODE\TINYXML\RELEASE_STL\TINYXMLPARSER.OBJ
C:\USERS\JAMES\DOWNLOADS\HW1\HW1\JELLOSIM_BASECODE\JELLOSIM_BASECODE\TINYXML\RELEASE_STL\TINYXMLERROR.OBJ
C:\USERS\JAMES\DOWNLOADS\HW1\HW1\JELLOSIM_BASECODE\JELLOSIM_BASECODE\TINYXML\RELEASE_STL\TINYXML.OBJ
C:\USERS\JAMES\DOWNLOADS\HW1\HW1\JELLOSIM_BASECODE\JELLOSIM_BASECODE\TINYXML\RELEASE_STL\TINYSTR.OBJ
C:\USERS\JAMES\DOWNLOADS\HW1\HW1\JELLOSIM_BASECODE\JELLOSIM_BASECODE\TINYXML\RELEASE_STL\VC110.PDB
C:\USERS\JAMES\DOWNLOADS\HW1\HW1\JELLOSIM_BASECODE\JELLOSIM_BASECODE\TINYXML\TINYXML_STL.LIB
C:\Users\James\Downloads\hw1\hw1\JelloSim_basecode\JelloSim_basecode\tinyxml\Release_STL\tinystr.obj
C:\Users\James\Downloads\hw1\hw1\JelloSim_basecode\JelloSim_basecode\tinyxml\Release_STL\tinyxml.obj
C:\Users\James\Downloads\hw1\hw1\JelloSim_basecode\JelloSim_basecode\tinyxml\Release_STL\tinyxmlerror.obj
C:\Users\James\Downloads\hw1\hw1\JelloSim_basecode\JelloSim_basecode\tinyxml\Release_STL\tinyxmlparser.obj
C:\Users\James\Downloads\hw1\hw1\JelloSim_basecode\JelloSim_basecode\tinyxml\Release_STL\BscMake.command.1.tlog
C:\Users\James\Downloads\hw1\hw1\JelloSim_basecode\JelloSim_basecode\tinyxml\Release_STL\bscmake.read.1.tlog
C:\Users\James\Downloads\hw1\hw1\JelloSim_basecode\JelloSim_basecode\tinyxml\Release_STL\bscmake.write.1.tlog
C:\Users\James\Downloads\hw1\hw1\JelloSim_basecode\JelloSim_basecode\tinyxml\Release_STL\cl.command.1.tlog
C:\Users\James\Downloads\hw1\hw1\JelloSim_basecode\JelloSim_basecode\tinyxml\Release_STL\CL.read.1.tlog
C:\Users\James\Downloads\hw1\hw1\JelloSim_basecode\JelloSim_basecode\tinyxml\Release_STL\CL.write.1.tlog
C:\Users\James\Downloads\hw1\hw1\JelloSim_basecode\JelloSim_basecode\tinyxml\Release_STL\Lib-link.read.1.tlog
C:\Users\James\Downloads\hw1\hw1\JelloSim_basecode\JelloSim_basecode\tinyxml\Release_STL\Lib-link.write.1.tlog
C:\Users\James\Downloads\hw1\hw1\JelloSim_basecode\JelloSim_basecode\tinyxml\Release_STL\lib.command.1.tlog
C:\Users\James\Downloads\hw1\hw1\JelloSim_basecode\JelloSim_basecode\tinyxml\Release_STL\Lib.read.1.tlog
C:\Users\James\Downloads\hw1\hw1\JelloSim_basecode\JelloSim_basecode\tinyxml\Release_STL\vc110.pdb
C:\Users\James\Downloads\hw1\hw1\JelloSim_basecode\JelloSim_basecode\tinyxml\Release_STL\tinyxmlSTL.bsc
C:\Users\James\Downloads\hw1\hw1\JelloSim_basecode\JelloSim_basecode\tinyxml\Release_STL\tinystr.sbr
C:\Users\James\Downloads\hw1\hw1\JelloSim_basecode\JelloSim_basecode\tinyxml\Release_STL\tinyxml.sbr
C:\Users\James\Downloads\hw1\hw1\JelloSim_basecode\JelloSim_basecode\tinyxml\Release_STL\tinyxmlerror.sbr
C:\Users\James\Downloads\hw1\hw1\JelloSim_basecode\JelloSim_basecode\tinyxml\Release_STL\tinyxmlparser.sbr
C:\Users\James\Downloads\hw1\hw1\JelloSim_basecode\JelloSim_basecode\tinyxml\Release_STL\.\tinyxmlSTL.bsc
