Build started 4/20/2014 12:55:15 PM.
     1>Project "C:\Users\Emre Tanirgan\Desktop\UPenn\CIS 563\DynamicFracturing\voro++\voro++.vcxproj" on node 3 (Rebuild target(s)).
     1>_PrepareForClean:
         Deleting file "Debug\voro++.lastbuildstate".
       InitializeBuildStatus:
         Touching "Debug\voro++.unsuccessfulbuild".
       ClCompile:
         C:\Program Files (x86)\Microsoft Visual Studio 11.0\VC\bin\CL.exe /c /ZI /nologo /W3 /WX- /sdl /Od /Oy- /D _MBCS /D _MBCS /D _CRT_SECURE_NO_WARNINGS /Gm /EHsc /RTC1 /MDd /GS /fp:precise /Zc:wchar_t /Zc:forScope /Fo"Debug\\" /Fd"Debug\vc110.pdb" /Gd /TP /analyze- /errorReport:prompt cell.cc cmd_line.cc common.cc container.cc container_prd.cc c_loops.cc pre_container.cc unitcell.cc voro++.cc v_base.cc v_base_wl.cc v_compute.cc wall.cc
         wall.cc
         v_compute.cc
         v_base_wl.cc
     1>c:\users\emre tanirgan\desktop\upenn\cis 563\dynamicfracturing\voro++\v_base_wl.cc(13): error C2653: 'voro_base' : is not a class or namespace name
     1>c:\users\emre tanirgan\desktop\upenn\cis 563\dynamicfracturing\voro++\v_base_wl.cc(13): error C2065: 'wl_seq_length' : undeclared identifier
     1>c:\users\emre tanirgan\desktop\upenn\cis 563\dynamicfracturing\voro++\v_base_wl.cc(13): error C2065: 'wl_hgridcu' : undeclared identifier
         v_base.cc
         voro++.cc
     1>c:\users\emre tanirgan\desktop\upenn\cis 563\dynamicfracturing\voro++\cell.cc(513): warning C4101: 'except' : unreferenced local variable
                 c:\users\emre tanirgan\desktop\upenn\cis 563\dynamicfracturing\voro++\cell.hh(319) : see reference to function template instantiation 'bool voro::voronoicell_base::nplane<voro::voronoicell>(vc_class &,double,double,double,double,int)' being compiled
                 with
                 [
                     vc_class=voro::voronoicell
                 ]
         unitcell.cc
         pre_container.cc
         c_loops.cc
         container_prd.cc
         container.cc
         common.cc
         cmd_line.cc
         cell.cc
     1>c:\users\emre tanirgan\desktop\upenn\cis 563\dynamicfracturing\voro++\cell.cc(513): warning C4101: 'except' : unreferenced local variable
                 c:\users\emre tanirgan\desktop\upenn\cis 563\dynamicfracturing\voro++\cell.hh(319) : see reference to function template instantiation 'bool voro::voronoicell_base::nplane<voro::voronoicell>(vc_class &,double,double,double,double,int)' being compiled
                 with
                 [
                     vc_class=voro::voronoicell
                 ]
         Generating Code...
     1>Done Building Project "C:\Users\Emre Tanirgan\Desktop\UPenn\CIS 563\DynamicFracturing\voro++\voro++.vcxproj" (Rebuild target(s)) -- FAILED.

Build FAILED.

Time Elapsed 00:00:09.80
