C:\USERS\EMRE TANIRGAN\DESKTOP\UPENN\CIS 563\DYNAMICFRACTURING\VORO++\DEBUG\CELL.OBJ
C:\USERS\EMRE TANIRGAN\DESKTOP\UPENN\CIS 563\DYNAMICFRACTURING\VORO++\DEBUG\CMD_LINE.OBJ
C:\USERS\EMRE TANIRGAN\DESKTOP\UPENN\CIS 563\DYNAMICFRACTURING\VORO++\DEBUG\COMMON.OBJ
C:\USERS\EMRE TANIRGAN\DESKTOP\UPENN\CIS 563\DYNAMICFRACTURING\VORO++\DEBUG\CONTAINER.OBJ
C:\USERS\EMRE TANIRGAN\DESKTOP\UPENN\CIS 563\DYNAMICFRACTURING\VORO++\DEBUG\CONTAINER_PRD.OBJ
C:\USERS\EMRE TANIRGAN\DESKTOP\UPENN\CIS 563\DYNAMICFRACTURING\VORO++\DEBUG\C_LOOPS.OBJ
C:\USERS\EMRE TANIRGAN\DESKTOP\UPENN\CIS 563\DYNAMICFRACTURING\VORO++\DEBUG\PRE_CONTAINER.OBJ
C:\USERS\EMRE TANIRGAN\DESKTOP\UPENN\CIS 563\DYNAMICFRACTURING\VORO++\DEBUG\UNITCELL.OBJ
C:\USERS\EMRE TANIRGAN\DESKTOP\UPENN\CIS 563\DYNAMICFRACTURING\VORO++\DEBUG\VORO++.OBJ
C:\USERS\EMRE TANIRGAN\DESKTOP\UPENN\CIS 563\DYNAMICFRACTURING\VORO++\DEBUG\V_BASE.OBJ
C:\USERS\EMRE TANIRGAN\DESKTOP\UPENN\CIS 563\DYNAMICFRACTURING\VORO++\DEBUG\V_COMPUTE.OBJ
C:\USERS\EMRE TANIRGAN\DESKTOP\UPENN\CIS 563\DYNAMICFRACTURING\VORO++\DEBUG\WALL.OBJ
C:\USERS\EMRE TANIRGAN\DESKTOP\UPENN\CIS 563\DYNAMICFRACTURING\VORO++\DEBUG\VC110.PDB
C:\Users\Emre Tanirgan\Desktop\UPenn\CIS 563\DynamicFracturing\voro++\Debug\cell.obj
C:\Users\Emre Tanirgan\Desktop\UPenn\CIS 563\DynamicFracturing\voro++\Debug\cmd_line.obj
C:\Users\Emre Tanirgan\Desktop\UPenn\CIS 563\DynamicFracturing\voro++\Debug\common.obj
C:\Users\Emre Tanirgan\Desktop\UPenn\CIS 563\DynamicFracturing\voro++\Debug\container.obj
C:\Users\Emre Tanirgan\Desktop\UPenn\CIS 563\DynamicFracturing\voro++\Debug\container_prd.obj
C:\Users\Emre Tanirgan\Desktop\UPenn\CIS 563\DynamicFracturing\voro++\Debug\c_loops.obj
C:\Users\Emre Tanirgan\Desktop\UPenn\CIS 563\DynamicFracturing\voro++\Debug\pre_container.obj
C:\Users\Emre Tanirgan\Desktop\UPenn\CIS 563\DynamicFracturing\voro++\Debug\unitcell.obj
C:\Users\Emre Tanirgan\Desktop\UPenn\CIS 563\DynamicFracturing\voro++\Debug\voro++.obj
C:\Users\Emre Tanirgan\Desktop\UPenn\CIS 563\DynamicFracturing\voro++\Debug\v_base.obj
C:\Users\Emre Tanirgan\Desktop\UPenn\CIS 563\DynamicFracturing\voro++\Debug\v_compute.obj
C:\Users\Emre Tanirgan\Desktop\UPenn\CIS 563\DynamicFracturing\voro++\Debug\wall.obj
C:\Users\Emre Tanirgan\Desktop\UPenn\CIS 563\DynamicFracturing\voro++\Debug\cl.command.1.tlog
C:\Users\Emre Tanirgan\Desktop\UPenn\CIS 563\DynamicFracturing\voro++\Debug\CL.read.1.tlog
C:\Users\Emre Tanirgan\Desktop\UPenn\CIS 563\DynamicFracturing\voro++\Debug\CL.write.1.tlog
C:\Users\Emre Tanirgan\Desktop\UPenn\CIS 563\DynamicFracturing\voro++\Debug\vc110.idb
C:\Users\Emre Tanirgan\Desktop\UPenn\CIS 563\DynamicFracturing\voro++\Debug\vc110.pdb
