C:\USERS\JAMES\DOWNLOADS\HW1\HW1\JELLOSIM_BASECODE\JELLOSIM_BASECODE\JELLOSIM\RELEASE\WORLD.OBJ
C:\USERS\JAMES\DOWNLOADS\HW1\HW1\JELLOSIM_BASECODE\JELLOSIM_BASECODE\JELLOSIM\RELEASE\VEC.OBJ
C:\USERS\JAMES\DOWNLOADS\HW1\HW1\JELLOSIM_BASECODE\JELLOSIM_BASECODE\JELLOSIM\RELEASE\MAIN.OBJ
C:\USERS\JAMES\DOWNLOADS\HW1\HW1\JELLOSIM_BASECODE\JELLOSIM_BASECODE\JELLOSIM\RELEASE\JELLOMESH.OBJ
C:\USERS\JAMES\DOWNLOADS\HW1\HW1\JELLOSIM_BASECODE\JELLOSIM_BASECODE\JELLOSIM\RELEASE\FPS.OBJ
C:\USERS\JAMES\DOWNLOADS\HW1\HW1\JELLOSIM_BASECODE\JELLOSIM_BASECODE\JELLOSIM\RELEASE\CAMERA.OBJ
C:\USERS\JAMES\DOWNLOADS\HW1\HW1\JELLOSIM_BASECODE\JELLOSIM_BASECODE\JELLOSIM\RELEASE\VC110.PDB
C:\USERS\JAMES\DOWNLOADS\HW1\HW1\JELLOSIM_BASECODE\JELLOSIM_BASECODE\RELEASE\JELLOSIM.EXE
C:\USERS\JAMES\DOWNLOADS\HW1\HW1\JELLOSIM_BASECODE\JELLOSIM_BASECODE\RELEASE\JELLOSIM.PDB
C:\Users\James\Downloads\hw1\hw1\JelloSim_basecode\JelloSim_basecode\JelloSim\Release\camera.obj
C:\Users\James\Downloads\hw1\hw1\JelloSim_basecode\JelloSim_basecode\JelloSim\Release\fps.obj
C:\Users\James\Downloads\hw1\hw1\JelloSim_basecode\JelloSim_basecode\JelloSim\Release\jelloMesh.obj
C:\Users\James\Downloads\hw1\hw1\JelloSim_basecode\JelloSim_basecode\JelloSim\Release\main.obj
C:\Users\James\Downloads\hw1\hw1\JelloSim_basecode\JelloSim_basecode\JelloSim\Release\vec.obj
C:\Users\James\Downloads\hw1\hw1\JelloSim_basecode\JelloSim_basecode\JelloSim\Release\world.obj
C:\Users\James\Downloads\hw1\hw1\JelloSim_basecode\JelloSim_basecode\JelloSim\Release\cl.command.1.tlog
C:\Users\James\Downloads\hw1\hw1\JelloSim_basecode\JelloSim_basecode\JelloSim\Release\CL.read.1.tlog
C:\Users\James\Downloads\hw1\hw1\JelloSim_basecode\JelloSim_basecode\JelloSim\Release\CL.write.1.tlog
C:\Users\James\Downloads\hw1\hw1\JelloSim_basecode\JelloSim_basecode\JelloSim\Release\link-cvtres.read.1.tlog
C:\Users\James\Downloads\hw1\hw1\JelloSim_basecode\JelloSim_basecode\JelloSim\Release\link-cvtres.write.1.tlog
C:\Users\James\Downloads\hw1\hw1\JelloSim_basecode\JelloSim_basecode\JelloSim\Release\link-rc.read.1.tlog
C:\Users\James\Downloads\hw1\hw1\JelloSim_basecode\JelloSim_basecode\JelloSim\Release\link-rc.write.1.tlog
C:\Users\James\Downloads\hw1\hw1\JelloSim_basecode\JelloSim_basecode\JelloSim\Release\link.command.1.tlog
C:\Users\James\Downloads\hw1\hw1\JelloSim_basecode\JelloSim_basecode\JelloSim\Release\link.read.1.tlog
C:\Users\James\Downloads\hw1\hw1\JelloSim_basecode\JelloSim_basecode\JelloSim\Release\link.read.3.tlog
C:\Users\James\Downloads\hw1\hw1\JelloSim_basecode\JelloSim_basecode\JelloSim\Release\link.write.1.tlog
C:\Users\James\Downloads\hw1\hw1\JelloSim_basecode\JelloSim_basecode\JelloSim\Release\vc110.pdb
C:\Users\James\Downloads\hw1\hw1\JelloSim_basecode\JelloSim_basecode\Release\JelloSim.pdb
C:\Users\James\Downloads\hw1\hw1\JelloSim_basecode\JelloSim_basecode\Release\JelloSim.exe
