Build started 4/17/2014 12:22:22 AM.
     1>Project "C:\Users\James\Documents\GitHub\DynamicFracturing\JelloSim\JelloSim.vcxproj" on node 2 (Build target(s)).
     1>ClCompile:
         C:\Program Files (x86)\Microsoft Visual Studio 11.0\VC\bin\CL.exe /c /I..\DevIL1.6.7\include /I..\tinyxml /I..\glut /Zi /nologo /W3 /WX- /O2 /Oi /Oy- /GL /D _MBCS /Gm- /EHsc /MD /GS /Gy /fp:precise /Zc:wchar_t /Zc:forScope /Fo"Release\\" /Fd"Release\vc110.pdb" /Gd /TP /analyze- /errorReport:prompt impactPoints.cpp
         impactPoints.cpp
     1>impactPoints.cpp(41): warning C4018: '<' : signed/unsigned mismatch
       Link:
         C:\Program Files (x86)\Microsoft Visual Studio 11.0\VC\bin\link.exe /ERRORREPORT:PROMPT /OUT:"C:\Users\James\Documents\GitHub\DynamicFracturing\Release\DynamicFracture.exe" /NOLOGO /LIBPATH:..\DevIL1.6.7\lib /LIBPATH:..\tinyxml /LIBPATH:..\glut DevIL.lib ilu.lib ilut.lib glut32.lib tinyxml_STL.lib kernel32.lib user32.lib gdi32.lib winspool.lib comdlg32.lib advapi32.lib shell32.lib ole32.lib oleaut32.lib uuid.lib odbc32.lib odbccp32.lib /MANIFEST /MANIFESTUAC:"level='asInvoker' uiAccess='false'" /manifest:embed /DEBUG /PDB:"C:\Users\James\Documents\GitHub\DynamicFracturing\Release\DynamicFracture.pdb" /OPT:REF /OPT:ICF /LTCG /TLBID:1 /DYNAMICBASE /NXCOMPAT /IMPLIB:"C:\Users\James\Documents\GitHub\DynamicFracturing\Release\DynamicFracture.lib" /MACHINE:X86 /SAFESEH Release\camera.obj
         Release\fps.obj
         Release\impactPoints.obj
         Release\jelloMesh.obj
         Release\main.obj
         Release\vec.obj
         Release\world.obj
         Generating code
         Finished generating code
         JelloSim.vcxproj -> C:\Users\James\Documents\GitHub\DynamicFracturing\Release\DynamicFracture.exe
     1>Done Building Project "C:\Users\James\Documents\GitHub\DynamicFracturing\JelloSim\JelloSim.vcxproj" (Build target(s)).

Build succeeded.

Time Elapsed 00:00:02.15
